<?xml version="1.0" encoding="UTF-8"?>
<Site BuildName="Win32-mingw32-make"
	BuildStamp="20260114-1911-Experimental"
	Name="EthanMik"
	Generator="ctest-4.2.1"
	CompilerName="C:/msys64/ucrt64/bin/g++.exe"
	CompilerVersion="15.2.0"
	OSName="Windows"
	Hostname="EthanMik"
	OSRelease="10.0.26100"
	OSVersion="Windows 10"
	OSPlatform="AMD64"
	Is64Bits="1"
	VendorString="AuthenticAMD"
	VendorID="Advanced Micro Devices"
	FamilyID="15"
	ModelID="4"
	ModelName="AMD Ryzen 9 7940HS w/ Radeon 780M Graphics"
	ProcessorCacheSize="64"
	NumberOfLogicalCPU="16"
	NumberOfPhysicalCPU="8"
	TotalVirtualMemory="34013"
	TotalPhysicalMemory="31965"
	LogicalProcessorsPerPhysical="2"
	ProcessorClockFrequency="4001"
	>
	<Testing>
		<StartDateTime>Jan 16 10:52 Central Standard Time</StartDateTime>
		<StartTestTime>1768582369</StartTestTime>
		<TestList/>
		<EndDateTime>Jan 16 10:52 Central Standard Time</EndDateTime>
		<EndTestTime>1768582369</EndTestTime>
		<ElapsedMinutes>0</ElapsedMinutes>
	</Testing>
</Site>
